2025-09-05 15:56:02,320 - INFO - Application started
2025-09-05 15:56:02,728 - INFO - Application initialized
2025-09-05 15:56:02,736 - INFO - UI is setup done!
2025-09-05 15:56:29,737 - INFO - Files selected: ('C:/Users/ifte/Downloads/Source Code/3/4_ Large Batch of PDF Files For Testing.pdf',)
2025-09-05 15:57:07,771 - INFO - Application started
2025-09-05 15:57:07,821 - INFO - Application initialized
2025-09-05 15:57:07,826 - INFO - UI is setup done!
2025-09-05 15:57:14,268 - INFO - Files selected: ('C:/Users/ifte/Downloads/Input.pdf',)
2025-09-05 15:57:17,831 - INFO - Output directory selected: C:/Users/ifte/Downloads
2025-09-05 15:57:17,831 - INFO - BatchProcessor initialized with max_workers=5
2025-09-05 15:57:17,831 - INFO - Starting to process 1 files
2025-09-05 15:57:17,832 - INFO - Submitting file for processing: C:/Users/ifte/Downloads/Input.pdf
2025-09-05 15:57:17,832 - INFO - Processing single file: C:/Users/ifte/Downloads/Input.pdf
2025-09-05 15:57:21,215 - INFO - Generated output for file C:/Users/ifte/Downloads/Input.pdf: 
2025-09-05 15:57:21,221 - INFO - Successfully processed file: C:/Users/ifte/Downloads/Input.pdf
2025-09-05 15:57:21,228 - INFO - Progress updated to 100.00%
2025-09-05 15:57:21,229 - INFO - All files processed successfully
2025-09-05 16:24:19,594 - INFO - Application started
2025-09-05 16:24:20,063 - INFO - Application initialized
2025-09-05 16:24:20,072 - INFO - UI is setup done!
2025-09-05 16:24:24,752 - INFO - Files selected: ('C:/Users/ifte/Downloads/Input.pdf',)
2025-09-05 16:24:27,425 - INFO - Output directory selected: C:/Users/ifte/Downloads
2025-09-05 16:24:27,425 - INFO - BatchProcessor initialized with max_workers=5
2025-09-05 16:24:27,425 - INFO - Starting to process 1 files
2025-09-05 16:24:27,426 - INFO - Submitting file for processing: C:/Users/ifte/Downloads/Input.pdf
2025-09-05 16:24:27,426 - INFO - Processing single file: C:/Users/ifte/Downloads/Input.pdf
2025-09-05 16:24:31,397 - INFO - Generated output for file C:/Users/ifte/Downloads/Input.pdf: 
2025-09-05 16:24:31,405 - INFO - Successfully processed file: C:/Users/ifte/Downloads/Input.pdf
2025-09-05 16:24:31,412 - INFO - Progress updated to 100.00%
2025-09-05 16:24:31,413 - INFO - All files processed successfully
2025-09-05 16:25:07,820 - INFO - Application exited
2025-09-05 16:32:06,093 - INFO - Application started
2025-09-05 16:32:06,175 - INFO - Application initialized
2025-09-05 16:32:06,185 - INFO - UI is setup done!
2025-09-05 16:32:10,596 - INFO - Files selected: ('C:/Users/ifte/Downloads/Input.pdf',)
2025-09-05 16:32:12,784 - INFO - Output directory selected: C:/Users/ifte/Downloads
2025-09-05 16:32:12,784 - INFO - BatchProcessor initialized with max_workers=5
2025-09-05 16:32:12,784 - INFO - Starting to process 1 files
2025-09-05 16:32:12,785 - INFO - Submitting file for processing: C:/Users/ifte/Downloads/Input.pdf
2025-09-05 16:32:12,785 - INFO - Processing single file: C:/Users/ifte/Downloads/Input.pdf
2025-09-05 16:32:16,728 - INFO - Generated output for file C:/Users/ifte/Downloads/Input.pdf: 
2025-09-05 16:32:16,736 - INFO - Successfully processed file: C:/Users/ifte/Downloads/Input.pdf
2025-09-05 16:32:16,744 - INFO - Progress updated to 100.00%
2025-09-05 16:32:16,744 - INFO - All files processed successfully
2025-09-05 16:39:47,838 - INFO - Application started
2025-09-05 16:39:47,893 - INFO - Application initialized
2025-09-05 16:39:47,900 - INFO - UI is setup done!
2025-09-05 16:39:51,924 - INFO - Files selected: ('C:/Users/ifte/Downloads/Input.pdf',)
2025-09-05 16:39:53,830 - INFO - Output directory selected: C:/Users/ifte/Downloads
2025-09-05 16:39:53,831 - INFO - BatchProcessor initialized with max_workers=5
2025-09-05 16:39:53,831 - INFO - Starting to process 1 files
2025-09-05 16:39:53,831 - INFO - Submitting file for processing: C:/Users/ifte/Downloads/Input.pdf
2025-09-05 16:39:53,832 - INFO - Processing single file: C:/Users/ifte/Downloads/Input.pdf
2025-09-05 16:39:56,946 - INFO - Generated output for file C:/Users/ifte/Downloads/Input.pdf: 
2025-09-05 16:39:56,953 - INFO - Successfully processed file: C:/Users/ifte/Downloads/Input.pdf
2025-09-05 16:39:56,959 - INFO - Progress updated to 100.00%
2025-09-05 16:39:56,959 - INFO - All files processed successfully
2025-09-05 16:53:37,919 - INFO - Application started
2025-09-05 16:53:37,997 - INFO - Application initialized
2025-09-05 16:53:38,010 - INFO - UI is setup done!
2025-09-05 16:53:42,471 - INFO - Files selected: ('C:/Users/ifte/Downloads/Input.pdf',)
2025-09-05 16:53:44,815 - INFO - Output directory selected: C:/Users/ifte/Downloads
2025-09-05 16:53:44,815 - INFO - BatchProcessor initialized with max_workers=5
2025-09-05 16:53:44,816 - INFO - Starting to process 1 files
2025-09-05 16:53:44,816 - INFO - Submitting file for processing: C:/Users/ifte/Downloads/Input.pdf
2025-09-05 16:53:44,816 - INFO - Processing single file: C:/Users/ifte/Downloads/Input.pdf
2025-09-05 16:53:49,508 - INFO - Generated output for file C:/Users/ifte/Downloads/Input.pdf: 
2025-09-05 16:53:49,514 - INFO - Successfully processed file: C:/Users/ifte/Downloads/Input.pdf
2025-09-05 16:53:49,522 - INFO - Progress updated to 100.00%
2025-09-05 16:53:49,523 - INFO - All files processed successfully
2025-09-05 16:54:22,944 - INFO - Application exited
2025-09-05 17:05:22,701 - INFO - Application started
2025-09-05 17:05:22,757 - INFO - Application initialized
2025-09-05 17:05:22,766 - INFO - UI is setup done!
2025-09-05 17:05:26,502 - INFO - Files selected: ('C:/Users/ifte/Downloads/Input.pdf',)
2025-09-05 17:05:29,237 - INFO - Output directory selected: C:/Users/ifte/Downloads
2025-09-05 17:05:29,237 - INFO - BatchProcessor initialized with max_workers=5
2025-09-05 17:05:29,237 - INFO - Starting to process 1 files
2025-09-05 17:05:29,238 - INFO - Submitting file for processing: C:/Users/ifte/Downloads/Input.pdf
2025-09-05 17:05:29,238 - INFO - Processing single file: C:/Users/ifte/Downloads/Input.pdf
2025-09-05 17:05:34,057 - INFO - Generated output for file C:/Users/ifte/Downloads/Input.pdf: 
2025-09-05 17:05:34,063 - INFO - Successfully processed file: C:/Users/ifte/Downloads/Input.pdf
2025-09-05 17:05:34,069 - INFO - Progress updated to 100.00%
2025-09-05 17:05:34,070 - INFO - All files processed successfully
2025-09-05 17:07:19,198 - INFO - Application started
2025-09-05 17:07:19,253 - INFO - Application initialized
2025-09-05 17:07:19,260 - INFO - UI is setup done!
2025-09-05 17:07:23,690 - INFO - Files selected: ('C:/Users/ifte/Downloads/Input.pdf',)
2025-09-05 17:07:25,815 - INFO - Output directory selected: C:/Users/ifte/Downloads
2025-09-05 17:07:25,816 - INFO - BatchProcessor initialized with max_workers=5
2025-09-05 17:07:25,816 - INFO - Starting to process 1 files
2025-09-05 17:07:25,816 - INFO - Submitting file for processing: C:/Users/ifte/Downloads/Input.pdf
2025-09-05 17:07:25,817 - INFO - Processing single file: C:/Users/ifte/Downloads/Input.pdf
2025-09-05 17:07:30,997 - INFO - Generated output for file C:/Users/ifte/Downloads/Input.pdf: 
2025-09-05 17:07:31,003 - INFO - Successfully processed file: C:/Users/ifte/Downloads/Input.pdf
2025-09-05 17:07:31,008 - INFO - Progress updated to 100.00%
2025-09-05 17:07:31,009 - INFO - All files processed successfully
2025-09-05 17:08:18,204 - INFO - Application exited
2025-09-05 17:10:20,535 - INFO - Application started
2025-09-05 17:10:20,590 - INFO - Application initialized
2025-09-05 17:10:20,598 - INFO - UI is setup done!
2025-09-05 17:10:34,190 - INFO - Files selected: ('C:/Users/ifte/Downloads/Input.pdf',)
2025-09-05 17:10:36,299 - INFO - Output directory selected: C:/Users/ifte/Downloads
2025-09-05 17:10:36,299 - INFO - BatchProcessor initialized with max_workers=5
2025-09-05 17:10:36,299 - INFO - Starting to process 1 files
2025-09-05 17:10:36,300 - INFO - Submitting file for processing: C:/Users/ifte/Downloads/Input.pdf
2025-09-05 17:10:36,301 - INFO - Processing single file: C:/Users/ifte/Downloads/Input.pdf
2025-09-05 17:10:42,786 - INFO - Generated output for file C:/Users/ifte/Downloads/Input.pdf: 
2025-09-05 17:10:42,793 - INFO - Successfully processed file: C:/Users/ifte/Downloads/Input.pdf
2025-09-05 17:10:42,798 - INFO - Progress updated to 100.00%
2025-09-05 17:10:42,799 - INFO - All files processed successfully
2025-09-05 17:21:38,142 - INFO - Application exited
2025-09-05 17:24:49,574 - INFO - Application started
2025-09-05 17:24:49,630 - INFO - Application initialized
2025-09-05 17:24:49,637 - INFO - UI is setup done!
2025-09-05 17:24:53,206 - INFO - Files selected: ('C:/Users/ifte/Downloads/Input.pdf',)
2025-09-05 17:24:54,987 - INFO - Output directory selected: C:/Users/ifte/Downloads
2025-09-05 17:24:54,987 - INFO - BatchProcessor initialized with max_workers=5
2025-09-05 17:24:54,988 - INFO - Starting to process 1 files
2025-09-05 17:24:54,988 - INFO - Submitting file for processing: C:/Users/ifte/Downloads/Input.pdf
2025-09-05 17:24:54,988 - INFO - Processing single file: C:/Users/ifte/Downloads/Input.pdf
2025-09-05 17:25:01,358 - INFO - Generated output for file C:/Users/ifte/Downloads/Input.pdf: 
2025-09-05 17:25:01,365 - INFO - Successfully processed file: C:/Users/ifte/Downloads/Input.pdf
2025-09-05 17:25:01,373 - INFO - Progress updated to 100.00%
2025-09-05 17:25:01,373 - INFO - All files processed successfully
2025-09-05 17:27:43,974 - INFO - Application started
2025-09-05 17:27:44,029 - INFO - Application initialized
2025-09-05 17:27:44,036 - INFO - UI is setup done!
2025-09-05 17:27:48,081 - INFO - Files selected: ('C:/Users/ifte/Downloads/Input.pdf',)
2025-09-05 17:27:49,752 - INFO - Output directory selected: C:/Users/ifte/Downloads
2025-09-05 17:27:49,753 - INFO - BatchProcessor initialized with max_workers=5
2025-09-05 17:27:49,753 - INFO - Starting to process 1 files
2025-09-05 17:27:49,753 - INFO - Submitting file for processing: C:/Users/ifte/Downloads/Input.pdf
2025-09-05 17:27:49,753 - INFO - Processing single file: C:/Users/ifte/Downloads/Input.pdf
2025-09-05 17:27:56,072 - INFO - Generated output for file C:/Users/ifte/Downloads/Input.pdf: 
2025-09-05 17:27:56,079 - INFO - Successfully processed file: C:/Users/ifte/Downloads/Input.pdf
2025-09-05 17:27:56,101 - INFO - Progress updated to 100.00%
2025-09-05 17:27:56,101 - INFO - All files processed successfully
2025-09-05 17:32:06,376 - INFO - Application exited
2025-09-05 17:32:07,124 - INFO - Application started
2025-09-05 17:32:07,178 - INFO - Application initialized
2025-09-05 17:32:07,185 - INFO - UI is setup done!
2025-09-05 17:32:11,815 - INFO - Files selected: ('C:/Users/ifte/Downloads/Input.pdf',)
2025-09-05 17:32:14,471 - INFO - Output directory selected: C:/Users/ifte/Downloads
2025-09-05 17:32:14,472 - INFO - BatchProcessor initialized with max_workers=5
2025-09-05 17:32:14,472 - INFO - Starting to process 1 files
2025-09-05 17:32:14,472 - INFO - Submitting file for processing: C:/Users/ifte/Downloads/Input.pdf
2025-09-05 17:32:14,473 - INFO - Processing single file: C:/Users/ifte/Downloads/Input.pdf
2025-09-05 17:32:18,874 - INFO - Generated output for file C:/Users/ifte/Downloads/Input.pdf: 
2025-09-05 17:32:18,880 - INFO - Successfully processed file: C:/Users/ifte/Downloads/Input.pdf
2025-09-05 17:32:18,887 - INFO - Progress updated to 100.00%
2025-09-05 17:32:18,888 - INFO - All files processed successfully
2025-09-05 17:44:15,303 - INFO - Application started
2025-09-05 17:44:15,608 - INFO - Application initialized
2025-09-05 17:44:15,621 - INFO - UI is setup done!
2025-09-05 17:44:41,878 - INFO - Files selected: ('C:/Users/ifte/Downloads/Input.pdf',)
2025-09-05 17:45:36,409 - INFO - Output directory selected: C:/Users/ifte/Downloads
2025-09-05 17:45:36,409 - INFO - BatchProcessor initialized with max_workers=5
2025-09-05 17:45:36,410 - INFO - Starting to process 1 files
2025-09-05 17:45:36,410 - INFO - Submitting file for processing: C:/Users/ifte/Downloads/Input.pdf
2025-09-05 17:45:36,410 - INFO - Processing single file: C:/Users/ifte/Downloads/Input.pdf
2025-09-05 17:45:43,150 - INFO - Generated output for file C:/Users/ifte/Downloads/Input.pdf: 
2025-09-05 17:45:43,157 - INFO - Successfully processed file: C:/Users/ifte/Downloads/Input.pdf
2025-09-05 17:45:43,172 - INFO - Progress updated to 100.00%
2025-09-05 17:45:43,172 - INFO - All files processed successfully
2025-09-05 17:51:14,735 - INFO - Application started
2025-09-05 17:51:14,792 - INFO - Application initialized
2025-09-05 17:51:14,799 - INFO - UI is setup done!
2025-09-05 17:51:21,409 - INFO - Files selected: ('C:/Users/ifte/Downloads/Input.pdf',)
2025-09-05 17:51:23,518 - INFO - Output directory selected: C:/Users/ifte/Downloads
2025-09-05 17:51:23,519 - INFO - BatchProcessor initialized with max_workers=5
2025-09-05 17:51:23,519 - INFO - Starting to process 1 files
2025-09-05 17:51:23,519 - INFO - Submitting file for processing: C:/Users/ifte/Downloads/Input.pdf
2025-09-05 17:51:23,520 - INFO - Processing single file: C:/Users/ifte/Downloads/Input.pdf
2025-09-05 17:51:30,412 - INFO - Generated output for file C:/Users/ifte/Downloads/Input.pdf: 
2025-09-05 17:51:30,419 - INFO - Successfully processed file: C:/Users/ifte/Downloads/Input.pdf
2025-09-05 17:51:30,464 - INFO - Progress updated to 100.00%
2025-09-05 17:51:30,466 - INFO - All files processed successfully
2025-09-05 17:53:53,745 - INFO - Application exited
2025-09-05 17:53:56,261 - INFO - Application started
2025-09-05 17:53:56,324 - INFO - Application initialized
2025-09-05 17:53:56,332 - INFO - UI is setup done!
2025-09-05 17:54:00,440 - INFO - Files selected: ('C:/Users/ifte/Downloads/Input.pdf',)
2025-09-05 17:54:07,378 - INFO - Output directory selected: C:/Users/ifte/Downloads
2025-09-05 17:54:07,378 - INFO - BatchProcessor initialized with max_workers=5
2025-09-05 17:54:07,378 - INFO - Starting to process 1 files
2025-09-05 17:54:07,378 - INFO - Submitting file for processing: C:/Users/ifte/Downloads/Input.pdf
2025-09-05 17:54:07,379 - INFO - Processing single file: C:/Users/ifte/Downloads/Input.pdf
2025-09-05 17:54:10,973 - INFO - Generated output for file C:/Users/ifte/Downloads/Input.pdf: 
2025-09-05 17:54:10,979 - INFO - Successfully processed file: C:/Users/ifte/Downloads/Input.pdf
2025-09-05 17:54:10,985 - INFO - Progress updated to 100.00%
2025-09-05 17:54:10,986 - INFO - All files processed successfully
2025-09-05 18:00:04,518 - INFO - Application started
2025-09-05 18:00:04,577 - INFO - Application initialized
2025-09-05 18:00:04,585 - INFO - UI is setup done!
2025-09-05 18:00:08,518 - INFO - Files selected: ('C:/Users/ifte/Downloads/Input.pdf',)
2025-09-05 18:00:10,549 - INFO - Output directory selected: C:/Users/ifte/Downloads
2025-09-05 18:00:10,550 - INFO - BatchProcessor initialized with max_workers=5
2025-09-05 18:00:10,550 - INFO - Starting to process 1 files
2025-09-05 18:00:10,550 - INFO - Submitting file for processing: C:/Users/ifte/Downloads/Input.pdf
2025-09-05 18:00:10,551 - INFO - Processing single file: C:/Users/ifte/Downloads/Input.pdf
2025-09-05 18:00:10,827 - ERROR - Failed to process C:/Users/ifte/Downloads/Input.pdf: 
fileName='c:\\Users\\ifte\\Downloads\\Source Code\\3\\images\\Picture1.jpg' identity=[ImageReader@0x1a89fd04550 filename='c:\\Users\\ifte\\Downloads\\Source Code\\3\\images\\Picture1.jpg'] Cannot open resource "c:\Users\ifte\Downloads\Source Code\3\images\Picture1.jpg"
2025-09-05 18:00:10,827 - ERROR - Error processing C:/Users/ifte/Downloads/Input.pdf: Failed to process C:/Users/ifte/Downloads/Input.pdf: 
fileName='c:\\Users\\ifte\\Downloads\\Source Code\\3\\images\\Picture1.jpg' identity=[ImageReader@0x1a89fd04550 filename='c:\\Users\\ifte\\Downloads\\Source Code\\3\\images\\Picture1.jpg'] Cannot open resource "c:\Users\ifte\Downloads\Source Code\3\images\Picture1.jpg"
2025-09-05 18:00:10,828 - INFO - All files processed successfully
2025-09-05 18:03:32,074 - INFO - Application exited
2025-09-05 18:03:34,092 - INFO - Application started
2025-09-05 18:03:34,147 - INFO - Application initialized
2025-09-05 18:03:34,154 - INFO - UI is setup done!
2025-09-05 18:03:45,424 - INFO - Files selected: ('C:/Users/ifte/Downloads/Input.pdf',)
2025-09-05 18:03:47,346 - INFO - Output directory selected: C:/Users/ifte/Downloads
2025-09-05 18:03:47,347 - INFO - BatchProcessor initialized with max_workers=5
2025-09-05 18:03:47,347 - INFO - Starting to process 1 files
2025-09-05 18:03:47,347 - INFO - Submitting file for processing: C:/Users/ifte/Downloads/Input.pdf
2025-09-05 18:03:47,348 - INFO - Processing single file: C:/Users/ifte/Downloads/Input.pdf
2025-09-05 18:03:47,633 - ERROR - Failed to process C:/Users/ifte/Downloads/Input.pdf: 
fileName='c:\\Users\\ifte\\Downloads\\Source Code\\3\\images\\Picture1.jpg' identity=[ImageReader@0x1ca64084050 filename='c:\\Users\\ifte\\Downloads\\Source Code\\3\\images\\Picture1.jpg'] Cannot open resource "c:\Users\ifte\Downloads\Source Code\3\images\Picture1.jpg"
2025-09-05 18:03:47,633 - ERROR - Error processing C:/Users/ifte/Downloads/Input.pdf: Failed to process C:/Users/ifte/Downloads/Input.pdf: 
fileName='c:\\Users\\ifte\\Downloads\\Source Code\\3\\images\\Picture1.jpg' identity=[ImageReader@0x1ca64084050 filename='c:\\Users\\ifte\\Downloads\\Source Code\\3\\images\\Picture1.jpg'] Cannot open resource "c:\Users\ifte\Downloads\Source Code\3\images\Picture1.jpg"
2025-09-05 18:03:47,634 - INFO - All files processed successfully
2025-09-05 18:04:33,210 - INFO - Application started
2025-09-05 18:04:33,266 - INFO - Application initialized
2025-09-05 18:04:33,272 - INFO - UI is setup done!
2025-09-05 18:04:37,112 - INFO - Files selected: ('C:/Users/ifte/Downloads/Input.pdf',)
2025-09-05 18:04:38,612 - INFO - Output directory selected: C:/Users/ifte/Downloads
2025-09-05 18:04:38,612 - INFO - BatchProcessor initialized with max_workers=5
2025-09-05 18:04:38,612 - INFO - Starting to process 1 files
2025-09-05 18:04:38,612 - INFO - Submitting file for processing: C:/Users/ifte/Downloads/Input.pdf
2025-09-05 18:04:38,613 - INFO - Processing single file: C:/Users/ifte/Downloads/Input.pdf
2025-09-05 18:04:42,276 - INFO - Generated output for file C:/Users/ifte/Downloads/Input.pdf: 
2025-09-05 18:04:42,282 - INFO - Successfully processed file: C:/Users/ifte/Downloads/Input.pdf
2025-09-05 18:04:42,290 - INFO - Progress updated to 100.00%
2025-09-05 18:04:42,290 - INFO - All files processed successfully
2025-09-05 18:05:28,308 - INFO - Application exited
2025-09-05 18:08:40,727 - INFO - Application started
2025-09-05 18:08:40,814 - INFO - Application initialized
2025-09-05 18:08:40,824 - INFO - UI is setup done!
2025-09-05 18:08:44,456 - INFO - Files selected: ('C:/Users/ifte/Downloads/Input.pdf',)
2025-09-05 18:08:47,049 - INFO - Output directory selected: C:/Users/ifte/Downloads
2025-09-05 18:08:47,050 - INFO - BatchProcessor initialized with max_workers=5
2025-09-05 18:08:47,050 - INFO - Starting to process 1 files
2025-09-05 18:08:47,050 - INFO - Submitting file for processing: C:/Users/ifte/Downloads/Input.pdf
2025-09-05 18:08:47,051 - INFO - Processing single file: C:/Users/ifte/Downloads/Input.pdf
2025-09-05 18:08:51,071 - INFO - Generated output for file C:/Users/ifte/Downloads/Input.pdf: 
2025-09-05 18:08:51,077 - INFO - Successfully processed file: C:/Users/ifte/Downloads/Input.pdf
2025-09-05 18:08:51,090 - INFO - Progress updated to 100.00%
2025-09-05 18:08:51,090 - INFO - All files processed successfully
2025-09-05 18:09:46,618 - INFO - Application exited
2025-09-05 18:09:47,295 - INFO - Application started
2025-09-05 18:09:47,352 - INFO - Application initialized
2025-09-05 18:09:47,361 - INFO - UI is setup done!
2025-09-05 18:09:51,565 - INFO - Files selected: ('C:/Users/ifte/Downloads/Input.pdf',)
2025-09-05 18:09:54,096 - INFO - Output directory selected: C:/Users/ifte/Downloads
2025-09-05 18:09:54,097 - INFO - BatchProcessor initialized with max_workers=5
2025-09-05 18:09:54,097 - INFO - Starting to process 1 files
2025-09-05 18:09:54,097 - INFO - Submitting file for processing: C:/Users/ifte/Downloads/Input.pdf
2025-09-05 18:09:54,097 - INFO - Processing single file: C:/Users/ifte/Downloads/Input.pdf
2025-09-05 18:09:58,106 - INFO - Generated output for file C:/Users/ifte/Downloads/Input.pdf: 
2025-09-05 18:09:58,112 - INFO - Successfully processed file: C:/Users/ifte/Downloads/Input.pdf
2025-09-05 18:09:58,126 - INFO - Progress updated to 100.00%
2025-09-05 18:09:58,126 - INFO - All files processed successfully
2025-09-05 18:10:43,597 - INFO - Application exited
2025-09-05 18:11:16,840 - INFO - Application started
2025-09-05 18:11:16,896 - INFO - Application initialized
2025-09-05 18:11:16,908 - INFO - UI is setup done!
2025-09-05 18:11:20,440 - INFO - Files selected: ('C:/Users/ifte/Downloads/Input.pdf',)
2025-09-05 18:11:22,502 - INFO - Output directory selected: C:/Users/ifte/Downloads
2025-09-05 18:11:22,503 - INFO - BatchProcessor initialized with max_workers=5
2025-09-05 18:11:22,503 - INFO - Starting to process 1 files
2025-09-05 18:11:22,503 - INFO - Submitting file for processing: C:/Users/ifte/Downloads/Input.pdf
2025-09-05 18:11:22,503 - INFO - Processing single file: C:/Users/ifte/Downloads/Input.pdf
2025-09-05 18:11:26,578 - INFO - Generated output for file C:/Users/ifte/Downloads/Input.pdf: 
2025-09-05 18:11:26,584 - INFO - Successfully processed file: C:/Users/ifte/Downloads/Input.pdf
2025-09-05 18:11:26,590 - INFO - Progress updated to 100.00%
2025-09-05 18:11:26,591 - INFO - All files processed successfully
2025-09-05 18:11:56,117 - INFO - Application exited
2025-09-05 18:12:04,706 - INFO - Application started
2025-09-05 18:12:04,762 - INFO - Application initialized
2025-09-05 18:12:04,770 - INFO - UI is setup done!
2025-09-05 18:12:08,893 - INFO - Files selected: ('C:/Users/ifte/Downloads/Input.pdf',)
2025-09-05 18:12:11,159 - INFO - Output directory selected: C:/Users/ifte/Downloads
2025-09-05 18:12:11,159 - INFO - BatchProcessor initialized with max_workers=5
2025-09-05 18:12:11,159 - INFO - Starting to process 1 files
2025-09-05 18:12:11,160 - INFO - Submitting file for processing: C:/Users/ifte/Downloads/Input.pdf
2025-09-05 18:12:11,160 - INFO - Processing single file: C:/Users/ifte/Downloads/Input.pdf
2025-09-05 18:12:15,173 - INFO - Generated output for file C:/Users/ifte/Downloads/Input.pdf: 
2025-09-05 18:12:15,180 - INFO - Successfully processed file: C:/Users/ifte/Downloads/Input.pdf
2025-09-05 18:12:15,253 - INFO - Progress updated to 100.00%
2025-09-05 18:12:15,256 - INFO - All files processed successfully
2025-09-05 21:35:07,620 - INFO - Application exited
2025-09-05 21:35:49,353 - INFO - Application started
2025-09-05 21:35:49,412 - INFO - Application initialized
2025-09-05 21:35:49,421 - INFO - UI is setup done!
2025-09-05 21:35:53,815 - INFO - Files selected: ('C:/Users/ifte/Downloads/Input.pdf',)
2025-09-05 21:35:55,893 - INFO - Output directory selected: C:/Users/ifte/Downloads
2025-09-05 21:35:55,894 - INFO - BatchProcessor initialized with max_workers=5
2025-09-05 21:35:55,894 - INFO - Starting to process 1 files
2025-09-05 21:35:55,894 - INFO - Submitting file for processing: C:/Users/ifte/Downloads/Input.pdf
2025-09-05 21:35:55,894 - INFO - Processing single file: C:/Users/ifte/Downloads/Input.pdf
2025-09-05 21:36:00,034 - INFO - Generated output for file C:/Users/ifte/Downloads/Input.pdf: 
2025-09-05 21:36:00,041 - INFO - Successfully processed file: C:/Users/ifte/Downloads/Input.pdf
2025-09-05 21:36:00,048 - INFO - Progress updated to 100.00%
2025-09-05 21:36:00,048 - INFO - All files processed successfully
2025-09-05 21:37:05,879 - INFO - Application exited
2025-09-05 21:37:08,891 - INFO - Application started
2025-09-05 21:37:08,950 - INFO - Application initialized
2025-09-05 21:37:08,958 - INFO - UI is setup done!
2025-09-05 21:37:13,596 - INFO - Files selected: ('C:/Users/ifte/Downloads/Input.pdf',)
2025-09-05 21:37:16,018 - INFO - Output directory selected: C:/Users/ifte/Downloads
2025-09-05 21:37:16,019 - INFO - BatchProcessor initialized with max_workers=5
2025-09-05 21:37:16,019 - INFO - Starting to process 1 files
2025-09-05 21:37:16,019 - INFO - Submitting file for processing: C:/Users/ifte/Downloads/Input.pdf
2025-09-05 21:37:16,020 - INFO - Processing single file: C:/Users/ifte/Downloads/Input.pdf
2025-09-05 21:37:19,993 - INFO - Generated output for file C:/Users/ifte/Downloads/Input.pdf: 
2025-09-05 21:37:20,000 - INFO - Successfully processed file: C:/Users/ifte/Downloads/Input.pdf
2025-09-05 21:37:20,014 - INFO - Progress updated to 100.00%
2025-09-05 21:37:20,015 - INFO - All files processed successfully
2025-09-05 21:38:18,115 - INFO - Application exited
2025-09-05 21:46:23,296 - INFO - Application started
2025-09-05 21:46:23,352 - INFO - Application initialized
2025-09-05 21:46:23,360 - INFO - UI is setup done!
2025-09-05 21:46:28,299 - INFO - Files selected: ('C:/Users/ifte/Downloads/Input.pdf',)
2025-09-05 21:46:30,893 - INFO - Output directory selected: C:/Users/ifte/Downloads
2025-09-05 21:46:30,894 - INFO - BatchProcessor initialized with max_workers=5
2025-09-05 21:46:30,895 - INFO - Starting to process 1 files
2025-09-05 21:46:30,895 - INFO - Submitting file for processing: C:/Users/ifte/Downloads/Input.pdf
2025-09-05 21:46:30,895 - INFO - Processing single file: C:/Users/ifte/Downloads/Input.pdf
2025-09-05 21:46:31,206 - ERROR - Failed to process C:/Users/ifte/Downloads/Input.pdf: 'Montserrat-Black'
2025-09-05 21:46:31,206 - ERROR - Error processing C:/Users/ifte/Downloads/Input.pdf: Failed to process C:/Users/ifte/Downloads/Input.pdf: 'Montserrat-Black'
2025-09-05 21:46:31,206 - INFO - All files processed successfully
2025-09-05 21:47:00,214 - INFO - Application exited
2025-09-05 21:47:39,485 - INFO - Application started
2025-09-05 21:47:39,543 - INFO - Application initialized
2025-09-05 21:47:39,551 - INFO - UI is setup done!
2025-09-05 21:47:45,377 - INFO - Files selected: ('C:/Users/ifte/Downloads/Input.pdf',)
2025-09-05 21:47:47,862 - INFO - Output directory selected: C:/Users/ifte/Downloads
2025-09-05 21:47:47,862 - INFO - BatchProcessor initialized with max_workers=5
2025-09-05 21:47:47,863 - INFO - Starting to process 1 files
2025-09-05 21:47:47,863 - INFO - Submitting file for processing: C:/Users/ifte/Downloads/Input.pdf
2025-09-05 21:47:47,863 - INFO - Processing single file: C:/Users/ifte/Downloads/Input.pdf
2025-09-05 21:47:48,145 - ERROR - Failed to process C:/Users/ifte/Downloads/Input.pdf: 'Montserrat-Black'
2025-09-05 21:47:48,145 - ERROR - Error processing C:/Users/ifte/Downloads/Input.pdf: Failed to process C:/Users/ifte/Downloads/Input.pdf: 'Montserrat-Black'
2025-09-05 21:47:48,146 - INFO - All files processed successfully
2025-09-05 21:49:22,268 - INFO - Application exited
2025-09-05 21:49:55,779 - INFO - Application started
2025-09-05 21:49:55,835 - INFO - Application initialized
2025-09-05 21:49:55,842 - INFO - UI is setup done!
2025-09-05 21:49:59,955 - INFO - Files selected: ('C:/Users/ifte/Downloads/Input.pdf',)
2025-09-05 21:50:02,300 - INFO - Output directory selected: C:/Users/ifte/Downloads
2025-09-05 21:50:02,300 - INFO - BatchProcessor initialized with max_workers=5
2025-09-05 21:50:02,301 - INFO - Starting to process 1 files
2025-09-05 21:50:02,301 - INFO - Submitting file for processing: C:/Users/ifte/Downloads/Input.pdf
2025-09-05 21:50:02,302 - INFO - Processing single file: C:/Users/ifte/Downloads/Input.pdf
2025-09-05 21:50:02,588 - ERROR - Failed to process C:/Users/ifte/Downloads/Input.pdf: 'aptos'
2025-09-05 21:50:02,589 - ERROR - Error processing C:/Users/ifte/Downloads/Input.pdf: Failed to process C:/Users/ifte/Downloads/Input.pdf: 'aptos'
2025-09-05 21:50:02,589 - INFO - All files processed successfully
2025-09-05 21:51:36,907 - INFO - Application started
2025-09-05 21:51:36,963 - INFO - Application initialized
2025-09-05 21:51:36,970 - INFO - UI is setup done!
2025-09-05 21:51:42,128 - INFO - Files selected: ('C:/Users/ifte/Downloads/Input.pdf',)
2025-09-05 21:51:44,065 - INFO - Output directory selected: C:/Users/ifte/Downloads
2025-09-05 21:51:44,066 - INFO - BatchProcessor initialized with max_workers=5
2025-09-05 21:51:44,066 - INFO - Starting to process 1 files
2025-09-05 21:51:44,066 - INFO - Submitting file for processing: C:/Users/ifte/Downloads/Input.pdf
2025-09-05 21:51:44,066 - INFO - Processing single file: C:/Users/ifte/Downloads/Input.pdf
2025-09-05 21:51:44,354 - ERROR - Failed to process C:/Users/ifte/Downloads/Input.pdf: 'Montserrat-Black'
2025-09-05 21:51:44,354 - ERROR - Error processing C:/Users/ifte/Downloads/Input.pdf: Failed to process C:/Users/ifte/Downloads/Input.pdf: 'Montserrat-Black'
2025-09-05 21:51:44,355 - INFO - All files processed successfully
2025-09-05 21:53:22,019 - INFO - Application started
2025-09-05 21:53:22,073 - INFO - Application initialized
2025-09-05 21:53:22,080 - INFO - UI is setup done!
2025-09-05 21:53:25,815 - INFO - Files selected: ('C:/Users/ifte/Downloads/Input.pdf',)
2025-09-05 21:53:27,799 - INFO - Output directory selected: C:/Users/ifte/Downloads
2025-09-05 21:53:27,800 - INFO - BatchProcessor initialized with max_workers=5
2025-09-05 21:53:27,800 - INFO - Starting to process 1 files
2025-09-05 21:53:27,800 - INFO - Submitting file for processing: C:/Users/ifte/Downloads/Input.pdf
2025-09-05 21:53:27,801 - INFO - Processing single file: C:/Users/ifte/Downloads/Input.pdf
2025-09-05 21:53:31,958 - INFO - Generated output for file C:/Users/ifte/Downloads/Input.pdf: 
2025-09-05 21:53:31,965 - INFO - Successfully processed file: C:/Users/ifte/Downloads/Input.pdf
2025-09-05 21:53:32,116 - INFO - Progress updated to 100.00%
2025-09-05 21:53:32,116 - INFO - All files processed successfully
2025-09-05 21:57:49,348 - INFO - Application started
2025-09-05 21:57:49,404 - INFO - Application initialized
2025-09-05 21:57:49,411 - INFO - UI is setup done!
2025-09-05 21:57:53,502 - INFO - Files selected: ('C:/Users/ifte/Downloads/Input.pdf',)
2025-09-05 21:57:55,940 - INFO - Output directory selected: C:/Users/ifte/Downloads
2025-09-05 21:57:55,940 - INFO - BatchProcessor initialized with max_workers=5
2025-09-05 21:57:55,940 - INFO - Starting to process 1 files
2025-09-05 21:57:55,941 - INFO - Submitting file for processing: C:/Users/ifte/Downloads/Input.pdf
2025-09-05 21:57:55,941 - INFO - Processing single file: C:/Users/ifte/Downloads/Input.pdf
2025-09-05 21:58:00,101 - INFO - Generated output for file C:/Users/ifte/Downloads/Input.pdf: 
2025-09-05 21:58:00,106 - INFO - Successfully processed file: C:/Users/ifte/Downloads/Input.pdf
2025-09-05 21:58:00,113 - INFO - Progress updated to 100.00%
2025-09-05 21:58:00,114 - INFO - All files processed successfully
2025-09-05 22:06:41,190 - INFO - Application started
2025-09-05 22:06:41,246 - INFO - Application initialized
2025-09-05 22:06:41,713 - INFO - UI setup complete!
2025-09-05 22:06:48,971 - INFO - Files selected: ('C:/Users/ifte/Downloads/Input.pdf',)
2025-09-05 22:06:52,940 - INFO - Output directory selected: C:/Users/ifte/Downloads
2025-09-05 22:07:00,667 - INFO - BatchProcessor initialized with max_workers=5
2025-09-05 22:07:00,667 - INFO - Starting to process 1 files
2025-09-05 22:07:00,667 - INFO - Submitting file for processing: C:/Users/ifte/Downloads/Input.pdf
2025-09-05 22:07:00,668 - INFO - Processing single file: C:/Users/ifte/Downloads/Input.pdf
2025-09-05 22:07:04,943 - INFO - Generated output for file C:/Users/ifte/Downloads/Input.pdf: 
2025-09-05 22:07:04,950 - INFO - Successfully processed file: C:/Users/ifte/Downloads/Input.pdf
2025-09-05 22:07:04,951 - INFO - Progress updated to 100.00%
2025-09-05 22:07:04,972 - INFO - All files processed successfully
2025-09-05 22:07:13,112 - INFO - Files selected: ('C:/Users/ifte/Downloads/fmtd_Input (1).pdf',)
2025-09-05 22:07:16,440 - INFO - Files selected: ('C:/Users/ifte/Downloads/Input.pdf',)
2025-09-05 22:07:50,052 - INFO - Application exited
2025-09-05 22:11:07,679 - INFO - Application exited
2025-09-05 22:11:11,587 - INFO - Application started
2025-09-05 22:11:11,656 - INFO - Application initialized
2025-09-05 22:11:12,087 - INFO - UI setup complete!
2025-09-05 22:11:16,518 - INFO - Files selected: ('C:/Users/ifte/Downloads/Input.pdf',)
2025-09-05 22:11:19,721 - INFO - Output directory selected: C:/Users/ifte/Downloads
2025-09-05 22:11:20,277 - INFO - BatchProcessor initialized with max_workers=5
2025-09-05 22:11:20,277 - INFO - Starting to process 1 files
2025-09-05 22:11:20,277 - INFO - Submitting file for processing: C:/Users/ifte/Downloads/Input.pdf
2025-09-05 22:11:20,278 - INFO - Processing single file: C:/Users/ifte/Downloads/Input.pdf
2025-09-05 22:11:24,520 - INFO - Generated output for file C:/Users/ifte/Downloads/Input.pdf: 
2025-09-05 22:11:24,527 - INFO - Successfully processed file: C:/Users/ifte/Downloads/Input.pdf
2025-09-05 22:11:24,528 - INFO - Progress updated to 100.00%
2025-09-05 22:11:24,551 - INFO - All files processed successfully
2025-09-05 22:13:05,514 - INFO - Application started
2025-09-05 22:13:05,586 - INFO - Application initialized
2025-09-05 22:13:06,015 - INFO - UI setup complete!
2025-09-05 22:13:09,815 - INFO - Files selected: ('C:/Users/ifte/Downloads/Input.pdf',)
2025-09-05 22:13:12,471 - INFO - Output directory selected: C:/Users/ifte/Downloads
2025-09-05 22:13:13,272 - INFO - BatchProcessor initialized with max_workers=5
2025-09-05 22:13:13,273 - INFO - Starting to process 1 files
2025-09-05 22:13:13,273 - INFO - Submitting file for processing: C:/Users/ifte/Downloads/Input.pdf
2025-09-05 22:13:13,274 - INFO - Processing single file: C:/Users/ifte/Downloads/Input.pdf
2025-09-05 22:13:17,492 - INFO - Generated output for file C:/Users/ifte/Downloads/Input.pdf: 
2025-09-05 22:13:17,499 - INFO - Successfully processed file: C:/Users/ifte/Downloads/Input.pdf
2025-09-05 22:13:17,500 - INFO - Progress updated to 100.00%
2025-09-05 22:13:17,526 - INFO - All files processed successfully
2025-09-05 22:14:33,184 - INFO - Application started
2025-09-05 22:14:33,254 - INFO - Application initialized
2025-09-05 22:14:33,697 - INFO - UI setup complete!
2025-09-05 22:14:36,392 - INFO - Application exited
2025-09-05 22:14:37,385 - INFO - Application exited
2025-09-05 22:14:45,599 - INFO - Application started
2025-09-05 22:14:45,682 - INFO - Application initialized
2025-09-05 22:14:46,114 - INFO - UI setup complete!
2025-09-05 22:14:50,190 - INFO - Files selected: ('C:/Users/ifte/Downloads/Input.pdf',)
2025-09-05 22:14:52,596 - INFO - Output directory selected: C:/Users/ifte/Downloads
2025-09-05 22:14:55,250 - INFO - Application exited
2025-09-05 22:14:57,397 - INFO - Application started
2025-09-05 22:14:57,467 - INFO - Application initialized
2025-09-05 22:14:57,898 - INFO - UI setup complete!
2025-09-05 22:15:01,659 - INFO - Files selected: ('C:/Users/ifte/Downloads/Input.pdf',)
2025-09-05 22:15:05,018 - INFO - Application exited
2025-09-05 22:15:07,180 - INFO - Application started
2025-09-05 22:15:07,248 - INFO - Application initialized
2025-09-05 22:15:07,679 - INFO - UI setup complete!
2025-09-05 22:15:10,846 - INFO - Files selected: ('C:/Users/ifte/Downloads/Input.pdf',)
2025-09-05 22:15:13,440 - INFO - Output directory selected: C:/Users/ifte/Downloads
2025-09-05 22:15:19,140 - INFO - BatchProcessor initialized with max_workers=5
2025-09-05 22:15:19,140 - INFO - Starting to process 1 files
2025-09-05 22:15:19,140 - INFO - Submitting file for processing: C:/Users/ifte/Downloads/Input.pdf
2025-09-05 22:15:19,141 - INFO - Processing single file: C:/Users/ifte/Downloads/Input.pdf
2025-09-05 22:15:23,272 - INFO - Generated output for file C:/Users/ifte/Downloads/Input.pdf: 
2025-09-05 22:15:23,278 - INFO - Successfully processed file: C:/Users/ifte/Downloads/Input.pdf
2025-09-05 22:15:23,279 - INFO - Progress updated to 100.00%
2025-09-05 22:15:23,302 - INFO - All files processed successfully
2025-09-05 22:16:36,106 - INFO - Application exited
2025-09-05 22:16:39,300 - INFO - Application started
2025-09-05 22:16:39,370 - INFO - Application initialized
2025-09-05 22:16:39,802 - INFO - UI setup complete!
2025-09-05 22:16:43,299 - INFO - Files selected: ('C:/Users/ifte/Downloads/Input.pdf',)
2025-09-05 22:16:45,815 - INFO - Output directory selected: C:/Users/ifte/Downloads
2025-09-05 22:16:47,068 - INFO - BatchProcessor initialized with max_workers=5
2025-09-05 22:16:47,068 - INFO - Starting to process 1 files
2025-09-05 22:16:47,068 - INFO - Submitting file for processing: C:/Users/ifte/Downloads/Input.pdf
2025-09-05 22:16:47,069 - INFO - Processing single file: C:/Users/ifte/Downloads/Input.pdf
2025-09-05 22:16:51,292 - INFO - Generated output for file C:/Users/ifte/Downloads/Input.pdf: 
2025-09-05 22:16:51,299 - INFO - Successfully processed file: C:/Users/ifte/Downloads/Input.pdf
2025-09-05 22:16:51,302 - INFO - Progress updated to 100.00%
2025-09-05 22:16:51,330 - INFO - All files processed successfully
2025-09-05 22:17:40,479 - INFO - Application started
2025-09-05 22:17:40,548 - INFO - Application initialized
2025-09-05 22:17:40,971 - INFO - UI setup complete!
2025-09-05 22:17:44,784 - INFO - Files selected: ('C:/Users/ifte/Downloads/Input.pdf',)
2025-09-05 22:17:46,925 - INFO - Output directory selected: C:/Users/ifte/Downloads
2025-09-05 22:17:48,001 - INFO - BatchProcessor initialized with max_workers=5
2025-09-05 22:17:48,002 - INFO - Starting to process 1 files
2025-09-05 22:17:48,002 - INFO - Submitting file for processing: C:/Users/ifte/Downloads/Input.pdf
2025-09-05 22:17:48,002 - INFO - Processing single file: C:/Users/ifte/Downloads/Input.pdf
2025-09-05 22:17:52,266 - INFO - Generated output for file C:/Users/ifte/Downloads/Input.pdf: 
2025-09-05 22:17:52,275 - INFO - Successfully processed file: C:/Users/ifte/Downloads/Input.pdf
2025-09-05 22:17:52,277 - INFO - Progress updated to 100.00%
2025-09-05 22:17:52,304 - INFO - All files processed successfully
2025-09-05 22:20:10,818 - INFO - Application exited
2025-09-07 10:05:20,159 - INFO - Application started
2025-09-07 10:05:20,547 - INFO - Application initialized
2025-09-07 10:05:20,896 - INFO - UI setup complete!
2025-09-07 10:05:25,111 - INFO - Files selected: ('C:/Users/ifte/Downloads/Input.pdf',)
2025-09-07 10:05:27,127 - INFO - Output directory selected: C:/Users/ifte/Downloads
2025-09-07 10:05:30,942 - INFO - BatchProcessor initialized with max_workers=5
2025-09-07 10:05:30,943 - INFO - Starting to process 1 files
2025-09-07 10:05:30,943 - INFO - Submitting file for processing: C:/Users/ifte/Downloads/Input.pdf
2025-09-07 10:05:30,943 - INFO - Processing single file: C:/Users/ifte/Downloads/Input.pdf
2025-09-07 10:05:34,989 - INFO - Generated output for file C:/Users/ifte/Downloads/Input.pdf: 
2025-09-07 10:05:34,994 - INFO - Successfully processed file: C:/Users/ifte/Downloads/Input.pdf
2025-09-07 10:05:34,995 - INFO - Progress updated to 100.00%
2025-09-07 10:05:35,015 - INFO - All files processed successfully
2025-09-07 10:06:40,702 - INFO - Application exited
2025-09-07 10:06:44,199 - INFO - Application started
2025-09-07 10:06:44,255 - INFO - Application initialized
2025-09-07 10:06:44,594 - INFO - UI setup complete!
2025-09-07 10:06:49,065 - INFO - Files selected: ('C:/Users/ifte/Downloads/Input.pdf',)
2025-09-07 10:06:51,440 - INFO - Output directory selected: C:/Users/ifte/Downloads
2025-09-07 10:06:53,370 - INFO - BatchProcessor initialized with max_workers=5
2025-09-07 10:06:53,370 - INFO - Starting to process 1 files
2025-09-07 10:06:53,370 - INFO - Submitting file for processing: C:/Users/ifte/Downloads/Input.pdf
2025-09-07 10:06:53,370 - INFO - Processing single file: C:/Users/ifte/Downloads/Input.pdf
2025-09-07 10:06:57,319 - INFO - Generated output for file C:/Users/ifte/Downloads/Input.pdf: 
2025-09-07 10:06:57,325 - INFO - Successfully processed file: C:/Users/ifte/Downloads/Input.pdf
2025-09-07 10:06:57,325 - INFO - Progress updated to 100.00%
2025-09-07 10:06:57,348 - INFO - All files processed successfully
2025-09-07 10:08:51,375 - INFO - Application exited
2025-09-07 10:10:02,429 - INFO - Application started
2025-09-07 10:10:02,485 - INFO - Application initialized
2025-09-07 10:10:02,814 - INFO - UI setup complete!
2025-09-07 10:10:09,716 - INFO - Application exited
2025-09-07 10:13:46,213 - INFO - Application started
2025-09-07 10:13:46,270 - INFO - Application initialized
2025-09-07 10:13:46,601 - INFO - UI setup complete!
2025-09-07 10:13:50,486 - INFO - Files selected: ('C:/Users/ifte/Downloads/Input.pdf',)
2025-09-07 10:13:52,486 - INFO - Output directory selected: C:/Users/ifte/Downloads
2025-09-07 10:13:53,631 - INFO - BatchProcessor initialized with max_workers=5
2025-09-07 10:13:53,632 - INFO - Starting to process 1 files
2025-09-07 10:13:53,632 - INFO - Submitting file for processing: C:/Users/ifte/Downloads/Input.pdf
2025-09-07 10:13:53,633 - INFO - Processing single file: C:/Users/ifte/Downloads/Input.pdf
2025-09-07 10:13:57,485 - INFO - Generated output for file C:/Users/ifte/Downloads/Input.pdf: 
2025-09-07 10:13:57,490 - INFO - Successfully processed file: C:/Users/ifte/Downloads/Input.pdf
2025-09-07 10:13:57,491 - INFO - Progress updated to 100.00%
2025-09-07 10:13:57,511 - INFO - All files processed successfully
2025-09-07 10:19:40,005 - INFO - Application started
2025-09-07 10:19:40,065 - INFO - Application initialized
2025-09-07 10:19:40,388 - INFO - UI setup complete!
2025-09-07 10:19:44,502 - INFO - Files selected: ('C:/Users/ifte/Downloads/Input.pdf',)
2025-09-07 10:19:47,752 - INFO - Output directory selected: C:/Users/ifte/Downloads
2025-09-07 10:19:48,261 - INFO - BatchProcessor initialized with max_workers=5
2025-09-07 10:19:48,261 - INFO - Starting to process 1 files
2025-09-07 10:19:48,262 - INFO - Submitting file for processing: C:/Users/ifte/Downloads/Input.pdf
2025-09-07 10:19:48,262 - INFO - Processing single file: C:/Users/ifte/Downloads/Input.pdf
2025-09-07 10:19:48,514 - ERROR - Failed to process C:/Users/ifte/Downloads/Input.pdf: Can't open file "c:\Users\ifte\Downloads\Source Code\3\fonts\calibri.ttf"
2025-09-07 10:19:48,514 - ERROR - Error processing C:/Users/ifte/Downloads/Input.pdf: Failed to process C:/Users/ifte/Downloads/Input.pdf: Can't open file "c:\Users\ifte\Downloads\Source Code\3\fonts\calibri.ttf"
2025-09-07 10:19:48,535 - INFO - All files processed successfully
2025-09-07 10:20:09,861 - INFO - Files selected: ('C:/Users/ifte/Downloads/Page 2 New Static Content NEW.pdf', 'C:/Users/ifte/Downloads/Input.pdf', 'C:/Users/ifte/Downloads/Certificate-263566934229.pdf')
2025-09-07 10:20:36,900 - INFO - Application exited
2025-09-07 10:20:40,685 - INFO - Application started
2025-09-07 10:20:40,744 - INFO - Application initialized
2025-09-07 10:20:41,082 - INFO - UI setup complete!
2025-09-07 10:20:44,268 - INFO - Files selected: ('C:/Users/ifte/Downloads/Input.pdf',)
2025-09-07 10:20:46,221 - INFO - Output directory selected: C:/Users/ifte/Downloads
2025-09-07 10:20:46,775 - INFO - BatchProcessor initialized with max_workers=5
2025-09-07 10:20:46,775 - INFO - Starting to process 1 files
2025-09-07 10:20:46,776 - INFO - Submitting file for processing: C:/Users/ifte/Downloads/Input.pdf
2025-09-07 10:20:46,776 - INFO - Processing single file: C:/Users/ifte/Downloads/Input.pdf
2025-09-07 10:20:51,122 - INFO - Generated output for file C:/Users/ifte/Downloads/Input.pdf: 
2025-09-07 10:20:51,128 - INFO - Successfully processed file: C:/Users/ifte/Downloads/Input.pdf
2025-09-07 10:20:51,129 - INFO - Progress updated to 100.00%
2025-09-07 10:20:51,152 - INFO - All files processed successfully
2025-09-07 10:22:36,296 - INFO - Application exited
2025-09-07 10:22:39,396 - INFO - Application started
2025-09-07 10:22:39,466 - INFO - Application initialized
2025-09-07 10:22:39,816 - INFO - UI setup complete!
2025-09-07 10:22:46,736 - INFO - Files selected: ('C:/Users/ifte/Downloads/Input.pdf',)
2025-09-07 10:22:48,846 - INFO - Output directory selected: C:/Users/ifte/Downloads
2025-09-07 10:22:49,284 - INFO - BatchProcessor initialized with max_workers=5
2025-09-07 10:22:49,284 - INFO - Starting to process 1 files
2025-09-07 10:22:49,285 - INFO - Submitting file for processing: C:/Users/ifte/Downloads/Input.pdf
2025-09-07 10:22:49,285 - INFO - Processing single file: C:/Users/ifte/Downloads/Input.pdf
2025-09-07 10:22:53,559 - INFO - Generated output for file C:/Users/ifte/Downloads/Input.pdf: 
2025-09-07 10:22:53,565 - INFO - Successfully processed file: C:/Users/ifte/Downloads/Input.pdf
2025-09-07 10:22:53,566 - INFO - Progress updated to 100.00%
2025-09-07 10:22:53,587 - INFO - All files processed successfully
2025-09-07 10:33:50,475 - INFO - Application exited
